2023-04-12 17:01:37,655 INFO [31m[1mWARNING: This is a development server. Do not use it in a production deployment. Use a production WSGI server instead.[0m
 * Running on http://127.0.0.1:5000
2023-04-12 17:01:37,656 INFO [33mPress CTRL+C to quit[0m
2023-04-12 17:02:54,694 INFO [31m[1mWARNING: This is a development server. Do not use it in a production deployment. Use a production WSGI server instead.[0m
 * Running on http://127.0.0.1:5000
2023-04-12 17:02:54,694 INFO [33mPress CTRL+C to quit[0m
2023-04-12 17:03:49,722 INFO [31m[1mWARNING: This is a development server. Do not use it in a production deployment. Use a production WSGI server instead.[0m
 * Running on http://127.0.0.1:5000
2023-04-12 17:03:49,722 INFO [33mPress CTRL+C to quit[0m
2023-04-12 17:09:57,326 INFO [31m[1mWARNING: This is a development server. Do not use it in a production deployment. Use a production WSGI server instead.[0m
 * Running on http://127.0.0.1:5000
2023-04-12 17:09:57,327 INFO [33mPress CTRL+C to quit[0m
2023-04-12 17:09:57,330 INFO  * Restarting with stat
2023-04-12 17:09:58,290 WARNING  * Debugger is active!
2023-04-12 17:09:58,303 INFO  * Debugger PIN: 107-885-570
2023-04-12 17:10:12,885 INFO  * Detected change in '/Users/giuliposteraro/Documents/GitHub/Globant-test/app.py', reloading
2023-04-12 17:10:13,158 INFO  * Restarting with stat
2023-04-12 17:10:14,602 WARNING  * Debugger is active!
2023-04-12 17:10:14,622 INFO  * Debugger PIN: 107-885-570
2023-04-12 17:10:17,967 INFO  * Detected change in '/Users/giuliposteraro/Documents/GitHub/Globant-test/app.py', reloading
2023-04-12 17:10:18,576 INFO  * Restarting with stat
2023-04-12 17:10:21,247 INFO  * Restarting with stat
2023-04-12 17:10:28,656 INFO  * Restarting with stat
2023-04-12 17:10:29,720 WARNING  * Debugger is active!
2023-04-12 17:10:29,730 INFO  * Debugger PIN: 107-885-570
2023-04-12 17:11:05,780 INFO  * Detected change in '/Users/giuliposteraro/Documents/GitHub/Globant-test/app.py', reloading
2023-04-12 17:11:06,008 INFO  * Restarting with stat
2023-04-12 17:11:07,074 WARNING  * Debugger is active!
2023-04-12 17:11:07,084 INFO  * Debugger PIN: 107-885-570
2023-04-12 17:11:11,318 INFO  * Detected change in '/Users/giuliposteraro/Documents/GitHub/Globant-test/app.py', reloading
2023-04-12 17:11:11,628 INFO  * Restarting with stat
2023-04-12 17:11:14,056 INFO  * Restarting with stat
2023-04-12 17:11:19,243 INFO  * Restarting with stat
2023-04-12 17:11:20,193 WARNING  * Debugger is active!
2023-04-12 17:11:20,203 INFO  * Debugger PIN: 107-885-570
2023-04-12 17:12:00,444 INFO  * Detected change in '/Users/giuliposteraro/Documents/GitHub/Globant-test/app.py', reloading
2023-04-12 17:12:00,690 INFO  * Restarting with stat
2023-04-12 17:12:02,831 WARNING  * Debugger is active!
2023-04-12 17:12:02,843 INFO  * Debugger PIN: 107-885-570
2023-04-12 17:12:07,089 INFO  * Detected change in '/Users/giuliposteraro/Documents/GitHub/Globant-test/app.py', reloading
2023-04-12 17:12:07,385 INFO  * Restarting with stat
2023-04-12 17:12:21,735 INFO  * Restarting with stat
